<?xml version='1.0' encoding='UTF-8'?>
<testsuites>
  <testsuite name="Test Suite" device="Pixel_9" tests="4" failures="3" time="191.527" timestamp="2026-08-07T19:24:38">
    <testcase id="01-login" name="01-login" classname="01-login" file="flows\s3-suite-shopdemo\01-login.yaml" time="60.076" timestamp="2026-08-07T19:24:38" status="ERROR">
      <failure>Assertion is false: id: tela-catalogo is visible</failure>
    </testcase>
    <testcase id="02-catalago" name="02-catalago" classname="02-catalago" file="flows\s3-suite-shopdemo\02-catalago.yaml" time="36.99" timestamp="2026-08-07T19:25:38" status="ERROR">
      <failure>Element not found: Id matching regex: btn-voltar</failure>
    </testcase>
    <testcase id="03-carrinho-checkout" name="03-carrinho-checkout" classname="03-carrinho-checkout" file="flows\s3-suite-shopdemo\03-carrinho-checkout.yaml" time="40.763" timestamp="2026-08-07T19:26:15" status="ERROR">
      <failure>Assertion is false: id: input-email is visible</failure>
    </testcase>
    <testcase id="04-e2e-compra" name="04-e2e-compra" classname="04-e2e-compra" file="flows\s3-suite-shopdemo\04-e2e-compra.yaml" time="53.615" timestamp="2026-08-07T19:26:56" status="SUCCESS"/>
  </testsuite>
</testsuites>
