<?xml version='1.0' encoding='UTF-8'?>
<testsuites>
  <testsuite name="Test Suite" device="Pixel_9" tests="4" failures="4" time="7.032" timestamp="2026-08-07T19:57:37">
    <testcase id="01-login" name="01-login" classname="01-login" file="flows\s3-suite-shopdemo\01-login.yaml" time="6.124" timestamp="2026-08-07T19:57:37" status="ERROR">
      <failure>Unknown error</failure>
    </testcase>
    <testcase id="02-catalago" name="02-catalago" classname="02-catalago" file="flows\s3-suite-shopdemo\02-catalago.yaml" time="0.032" timestamp="2026-08-07T19:57:43" status="ERROR">
      <failure>Unknown error</failure>
    </testcase>
    <testcase id="03-carrinho-checkout" name="03-carrinho-checkout" classname="03-carrinho-checkout" file="flows\s3-suite-shopdemo\03-carrinho-checkout.yaml" time="0.799" timestamp="2026-08-07T19:57:43" status="ERROR">
      <failure>Unknown error</failure>
    </testcase>
    <testcase id="04-e2e-compra" name="04-e2e-compra" classname="04-e2e-compra" file="flows\s3-suite-shopdemo\04-e2e-compra.yaml" time="0.035" timestamp="2026-08-07T19:57:44" status="ERROR">
      <failure>Unknown error</failure>
    </testcase>
  </testsuite>
</testsuites>
